<?xml version="1.0" encoding="UTF-8"?>
<TestRun id="58a64c3b-8795-4521-abe9-1197eb4adb91" name="Flavio@FLAVIO-PC 2012-11-21 16:28:40" runUser="Flavio-PC\Flavio" xmlns="http://microsoft.com/schemas/VisualStudio/TeamTest/2010">
  <TestSettings name="Local" id="ec5daebd-8e1f-4a1c-9c2b-47c53722126c">
    <Description>These are default test settings for a local test run.</Description>
    <Deployment enabled="false" runDeploymentRoot="Flavio_FLAVIO-PC 2012-11-21 16_28_40">
      <DeploymentItem filename="C:\Users\Flavio\Documents\GitHub\SPCP\SCPC.Util\bin\Debug\SCPC.Util.dll" />
      <DeploymentItem filename="C:\Users\Flavio\Documents\GitHub\SPCP\SCPC.Model\bin\x86\Debug\SCPC.Model.dll" />
    </Deployment>
    <Execution>
      <TestTypeSpecific />
      <AgentRule name="Execution Agents">
      </AgentRule>
    </Execution>
  </TestSettings>
  <Times creation="2012-11-21T16:28:40.0780948-02:00" queuing="2012-11-21T16:28:40.1060964-02:00" start="2012-11-21T16:28:40.1130968-02:00" finish="2012-11-21T16:28:40.3291091-02:00" />
  <ResultSummary outcome="Failed">
    <Counters total="1" executed="1" error="0" failed="1" timeout="0" aborted="0" inconclusive="0" passedButRunAborted="0" notRunnable="0" notExecuted="0" disconnected="0" warning="0" passed="0" completed="0" inProgress="0" pending="0" />
  </ResultSummary>
  <TestDefinitions>
    <UnitTest name="GetFichaProdutoTest" storage="c:\users\flavio\documents\github\spcp\teste\bin\x86\debug\teste.dll" id="25825485-7dde-2b38-07db-28d8983acbbb">
      <Execution id="cc38ad21-0029-496d-b4a4-3ea4d5d2be8e" />
      <TestMethod codeBase="C:/Users/Flavio/Documents/GitHub/SPCP/teste/bin/x86/Debug/teste.DLL" adapterTypeName="Microsoft.VisualStudio.TestTools.TestTypes.Unit.UnitTestAdapter, Microsoft.VisualStudio.QualityTools.Tips.UnitTest.Adapter, Version=10.0.0.0, Culture=neutral, PublicKeyToken=b03f5f7f11d50a3a" className="teste.FichaProdutoTest, teste, Version=1.0.0.0, Culture=neutral, PublicKeyToken=null" name="GetFichaProdutoTest" />
    </UnitTest>
  </TestDefinitions>
  <TestLists>
    <TestList name="Results Not in a List" id="8c84fa94-04c1-424b-9868-57a2d4851a1d" />
    <TestList name="All Loaded Results" id="19431567-8539-422a-85d7-44ee4e166bda" />
  </TestLists>
  <TestEntries>
    <TestEntry testId="25825485-7dde-2b38-07db-28d8983acbbb" executionId="cc38ad21-0029-496d-b4a4-3ea4d5d2be8e" testListId="8c84fa94-04c1-424b-9868-57a2d4851a1d" />
  </TestEntries>
  <Results>
    <UnitTestResult executionId="cc38ad21-0029-496d-b4a4-3ea4d5d2be8e" testId="25825485-7dde-2b38-07db-28d8983acbbb" testName="GetFichaProdutoTest" computerName="FLAVIO-PC" duration="00:00:00.0544613" startTime="2012-11-21T16:28:40.1150969-02:00" endTime="2012-11-21T16:28:40.3181085-02:00" testType="13cdc9d9-ddb5-4fa4-a97d-d965ccfc6d4b" outcome="Failed" testListId="8c84fa94-04c1-424b-9868-57a2d4851a1d" relativeResultsDirectory="cc38ad21-0029-496d-b4a4-3ea4d5d2be8e">
      <Output>
        <ErrorInfo>
          <Message>Assert.IsNull failed. </Message>
          <StackTrace>   at teste.FichaProdutoTest.GetFichaProdutoTest() in C:\Users\Flavio\Documents\GitHub\SPCP\teste\FichaProdutoTest.cs:line 93
</StackTrace>
        </ErrorInfo>
      </Output>
    </UnitTestResult>
  </Results>
</TestRun>