<?xml version="1.0" encoding="UTF-8"?>
<TestRun id="edcda156-3b4a-4f0c-9718-3ead7a1ef265" name="Flavio@FLAVIO-PC 2012-11-21 16:26:52" runUser="Flavio-PC\Flavio" xmlns="http://microsoft.com/schemas/VisualStudio/TeamTest/2010">
  <TestSettings name="Local" id="ec5daebd-8e1f-4a1c-9c2b-47c53722126c">
    <Description>These are default test settings for a local test run.</Description>
    <Deployment enabled="false" runDeploymentRoot="Flavio_FLAVIO-PC 2012-11-21 16_26_52">
      <DeploymentItem filename="C:\Users\Flavio\Documents\GitHub\SPCP\SCPC.Util\bin\Debug\SCPC.Util.dll" />
      <DeploymentItem filename="C:\Users\Flavio\Documents\GitHub\SPCP\SCPC.Model\bin\x86\Debug\SCPC.Model.dll" />
    </Deployment>
    <Execution>
      <TestTypeSpecific />
      <AgentRule name="Execution Agents">
      </AgentRule>
    </Execution>
  </TestSettings>
  <Times creation="2012-11-21T16:26:52.9609680-02:00" queuing="2012-11-21T16:26:53.1489788-02:00" start="2012-11-21T16:26:53.1779804-02:00" finish="2012-11-21T16:26:53.6110052-02:00" />
  <ResultSummary outcome="Inconclusive">
    <Counters total="1" executed="1" error="0" failed="0" timeout="0" aborted="0" inconclusive="1" passedButRunAborted="0" notRunnable="0" notExecuted="0" disconnected="0" warning="0" passed="0" completed="0" inProgress="0" pending="0" />
  </ResultSummary>
  <TestDefinitions>
    <UnitTest name="GetFichaProdutoTest" storage="c:\users\flavio\documents\github\spcp\teste\bin\x86\debug\teste.dll" id="25825485-7dde-2b38-07db-28d8983acbbb">
      <Execution id="a56ad53a-5164-4ffc-813c-daba9fd00b0e" />
      <TestMethod codeBase="C:/Users/Flavio/Documents/GitHub/SPCP/teste/bin/x86/Debug/teste.DLL" adapterTypeName="Microsoft.VisualStudio.TestTools.TestTypes.Unit.UnitTestAdapter, Microsoft.VisualStudio.QualityTools.Tips.UnitTest.Adapter, Version=10.0.0.0, Culture=neutral, PublicKeyToken=b03f5f7f11d50a3a" className="teste.FichaProdutoTest, teste, Version=1.0.0.0, Culture=neutral, PublicKeyToken=null" name="GetFichaProdutoTest" />
    </UnitTest>
  </TestDefinitions>
  <TestLists>
    <TestList name="Results Not in a List" id="8c84fa94-04c1-424b-9868-57a2d4851a1d" />
    <TestList name="All Loaded Results" id="19431567-8539-422a-85d7-44ee4e166bda" />
  </TestLists>
  <TestEntries>
    <TestEntry testId="25825485-7dde-2b38-07db-28d8983acbbb" executionId="a56ad53a-5164-4ffc-813c-daba9fd00b0e" testListId="8c84fa94-04c1-424b-9868-57a2d4851a1d" />
  </TestEntries>
  <Results>
    <UnitTestResult executionId="a56ad53a-5164-4ffc-813c-daba9fd00b0e" testId="25825485-7dde-2b38-07db-28d8983acbbb" testName="GetFichaProdutoTest" computerName="FLAVIO-PC" duration="00:00:00.1658755" startTime="2012-11-21T16:26:53.1869809-02:00" endTime="2012-11-21T16:26:53.5890039-02:00" testType="13cdc9d9-ddb5-4fa4-a97d-d965ccfc6d4b" outcome="Inconclusive" testListId="8c84fa94-04c1-424b-9868-57a2d4851a1d" relativeResultsDirectory="a56ad53a-5164-4ffc-813c-daba9fd00b0e">
      <Output>
        <ErrorInfo>
          <Message>Assert.Inconclusive failed. Verify the correctness of this test method.</Message>
          <StackTrace>   at teste.FichaProdutoTest.GetFichaProdutoTest() in C:\Users\Flavio\Documents\GitHub\SPCP\teste\FichaProdutoTest.cs:line 94
</StackTrace>
        </ErrorInfo>
      </Output>
    </UnitTestResult>
  </Results>
</TestRun>